<?xml version="1.0" encoding="UTF-8"?>
<!-- Generated by org.testng.reporters.JUnitXMLReporter -->
<testsuite ignored="0" hostname="FVFHXJ38Q6LR" failures="0" tests="5" name="Default test" time="0.08" errors="0" timestamp="2023-05-10T11:31:33 IST">
  <testcase classname="limat.demo" name="e" time="0.009"/>
  <testcase classname="limat.demo" name="d" time="0.001"/>
  <testcase classname="limat.demo" name="c" time="0.001"/>
  <testcase classname="limat.demo" name="b" time="0.002"/>
  <testcase classname="limat.demo" name="a" time="0.003"/>
</testsuite> <!-- Default test -->
