<?xml version="1.0" encoding="UTF-8"?>
<testng-results ignored="0" total="5" passed="5" failed="0" skipped="0">
  <reporter-output>
  </reporter-output>
  <suite started-at="2023-05-10T11:31:33 IST" name="Default suite" finished-at="2023-05-10T11:31:33 IST" duration-ms="80">
    <groups>
    </groups>
    <test started-at="2023-05-10T11:31:33 IST" name="Default test" finished-at="2023-05-10T11:31:33 IST" duration-ms="80">
      <class name="limat.demo">
        <test-method signature="e()[pri:-1, instance:limat.demo@4310d43]" started-at="2023-05-10T11:31:33 IST" name="e" finished-at="2023-05-10T11:31:33 IST" duration-ms="9" status="PASS">
          <reporter-output>
          </reporter-output>
        </test-method> <!-- e -->
        <test-method signature="d()[pri:0, instance:limat.demo@4310d43]" started-at="2023-05-10T11:31:33 IST" name="d" finished-at="2023-05-10T11:31:33 IST" duration-ms="1" status="PASS">
          <reporter-output>
          </reporter-output>
        </test-method> <!-- d -->
        <test-method signature="c()[pri:1, instance:limat.demo@4310d43]" started-at="2023-05-10T11:31:33 IST" name="c" finished-at="2023-05-10T11:31:33 IST" duration-ms="1" status="PASS">
          <reporter-output>
          </reporter-output>
        </test-method> <!-- c -->
        <test-method signature="b()[pri:2, instance:limat.demo@4310d43]" started-at="2023-05-10T11:31:33 IST" name="b" finished-at="2023-05-10T11:31:33 IST" duration-ms="2" status="PASS">
          <reporter-output>
          </reporter-output>
        </test-method> <!-- b -->
        <test-method signature="a()[pri:3, instance:limat.demo@4310d43]" started-at="2023-05-10T11:31:33 IST" name="a" finished-at="2023-05-10T11:31:33 IST" duration-ms="3" status="PASS">
          <reporter-output>
          </reporter-output>
        </test-method> <!-- a -->
      </class> <!-- limat.demo -->
    </test> <!-- Default test -->
  </suite> <!-- Default suite -->
</testng-results>
