<?xml version="1.0" encoding="UTF-8"?>
<!-- Generated by org.testng.reporters.JUnitXMLReporter -->
<testsuite ignored="0" hostname="FVFHXGV6Q6LR" failures="0" tests="4" name="Test" time="0.08" errors="0" timestamp="2023-05-10T09:44:27 IST">
  <testcase classname="com_tests.TestngNGc1" name="testCase1" time="0.007"/>
  <testcase classname="com_tests.TestngNGc1" name="testCase2" time="0.001"/>
  <testcase classname="com_tests.TestNGc2" name="testCase1" time="0.003"/>
  <testcase classname="com_tests.TestNGc2" name="testCase2" time="0.002"/>
</testsuite> <!-- Test -->
