<?xml version="1.0" encoding="UTF-8"?>
<!-- Generated by org.testng.reporters.JUnitXMLReporter -->
<testsuite ignored="3" hostname="FVFHXGV6Q6LR" failures="0" tests="1" name="Test1" time="0.082" errors="0" timestamp="2023-05-10T11:11:59 IST">
  <testcase classname="com_tests.TestngNGc1" name="B" time="0.014"/>
  <testcase classname="com_tests.TestNGc2" name="C" time="0.0">
    <ignored/>
  </testcase> <!-- C -->
  <testcase classname="com_tests.TestngNGc1" name="A" time="0.0">
    <ignored/>
  </testcase> <!-- A -->
  <testcase classname="com_tests.TestNGc2" name="D" time="0.0">
    <ignored/>
  </testcase> <!-- D -->
</testsuite> <!-- Test1 -->
