<?xml version="1.0" encoding="UTF-8"?>
<!-- Generated by org.testng.reporters.JUnitXMLReporter -->
<testsuite ignored="6" hostname="FVFHXJ38Q6LR" failures="0" tests="4" name="Test" time="0.092" errors="0" timestamp="2023-05-10T11:09:01 IST">
  <testcase classname="limat.TC1" name="test2" time="0.013"/>
  <testcase classname="limat.base" name="testCase1" time="0.001"/>
  <testcase classname="limat.TC2" name="test1" time="0.001"/>
  <testcase classname="limat.base" name="testCase1" time="0.001"/>
  <testcase classname="limat.TC1" name="test1" time="0.0">
    <ignored/>
  </testcase> <!-- test1 -->
  <testcase classname="limat.base" name="@AfterSuite afterSuite" time="0.0">
    <ignored/>
  </testcase> <!-- @AfterSuite afterSuite -->
  <testcase classname="limat.base" name="@AfterTest afterTest" time="0.0">
    <ignored/>
  </testcase> <!-- @AfterTest afterTest -->
  <testcase classname="limat.base" name="@BeforeSuite beforeSuite" time="0.0">
    <ignored/>
  </testcase> <!-- @BeforeSuite beforeSuite -->
  <testcase classname="limat.TC2" name="test2" time="0.0">
    <ignored/>
  </testcase> <!-- test2 -->
  <testcase classname="limat.base" name="@BeforeTest beforeTest" time="0.0">
    <ignored/>
  </testcase> <!-- @BeforeTest beforeTest -->
</testsuite> <!-- Test -->
